{"E:\\0Development\\_Work\\masaje_las_manos\\src\\components\\Header\\headStyle.ts": {"path":"E:\\0Development\\_Work\\masaje_las_manos\\src\\components\\Header\\headStyle.ts","statementMap":{"0":{"start":{"line":10,"column":15},"end":{"line":10,"column":21}},"1":{"start":{"line":10,"column":23},"end":{"line":10,"column":26}},"2":{"start":{"line":10,"column":28},"end":{"line":10,"column":37}},"3":{"start":{"line":10,"column":39},"end":{"line":10,"column":41}},"4":{"start":{"line":10,"column":43},"end":{"line":10,"column":45}},"5":{"start":{"line":10,"column":47},"end":{"line":10,"column":61}},"6":{"start":{"line":1,"column":18},"end":{"line":8,"column":null}},"7":{"start":{"line":10,"column":66},"end":{"line":10,"column":null}}},"fnMap":{"0":{"name":"(anonymous_1)","decl":{"start":{"line":10,"column":21},"end":{"line":10,"column":23}},"loc":{"start":{"line":10,"column":15},"end":{"line":10,"column":21}}},"1":{"name":"(anonymous_2)","decl":{"start":{"line":10,"column":26},"end":{"line":10,"column":28}},"loc":{"start":{"line":10,"column":23},"end":{"line":10,"column":26}}},"2":{"name":"(anonymous_3)","decl":{"start":{"line":10,"column":37},"end":{"line":10,"column":39}},"loc":{"start":{"line":10,"column":28},"end":{"line":10,"column":37}}},"3":{"name":"(anonymous_4)","decl":{"start":{"line":10,"column":41},"end":{"line":10,"column":43}},"loc":{"start":{"line":10,"column":39},"end":{"line":10,"column":41}}},"4":{"name":"(anonymous_5)","decl":{"start":{"line":10,"column":45},"end":{"line":10,"column":47}},"loc":{"start":{"line":10,"column":43},"end":{"line":10,"column":45}}},"5":{"name":"(anonymous_6)","decl":{"start":{"line":10,"column":61},"end":{"line":10,"column":63}},"loc":{"start":{"line":10,"column":47},"end":{"line":10,"column":61}}}},"branchMap":{},"s":{"0":1,"1":1,"2":1,"3":1,"4":4,"5":1,"6":1,"7":1},"f":{"0":1,"1":1,"2":1,"3":1,"4":4,"5":1},"b":{}}
,"E:\\0Development\\_Work\\masaje_las_manos\\src\\components\\Header\\index.tsx": {"path":"E:\\0Development\\_Work\\masaje_las_manos\\src\\components\\Header\\index.tsx","statementMap":{"0":{"start":{"line":41,"column":0},"end":{"line":41,"column":15}},"1":{"start":{"line":1,"column":29},"end":{"line":1,"column":null}},"2":{"start":{"line":2,"column":28},"end":{"line":2,"column":null}},"3":{"start":{"line":3,"column":24},"end":{"line":3,"column":null}},"4":{"start":{"line":4,"column":18},"end":{"line":4,"column":null}},"5":{"start":{"line":7,"column":63},"end":{"line":7,"column":null}},"6":{"start":{"line":9,"column":19},"end":{"line":39,"column":null}},"7":{"start":{"line":10,"column":27},"end":{"line":10,"column":null}},"8":{"start":{"line":12,"column":34},"end":{"line":12,"column":null}},"9":{"start":{"line":14,"column":22},"end":{"line":16,"column":null}},"10":{"start":{"line":15,"column":4},"end":{"line":15,"column":null}},"11":{"start":{"line":41,"column":15},"end":{"line":41,"column":null}}},"fnMap":{"0":{"name":"(anonymous_0)","decl":{"start":{"line":41,"column":0},"end":{"line":41,"column":15}},"loc":{"start":{"line":41,"column":0},"end":{"line":41,"column":15}}},"1":{"name":"(anonymous_2)","decl":{"start":{"line":9,"column":19},"end":{"line":9,"column":25}},"loc":{"start":{"line":9,"column":25},"end":{"line":39,"column":null}}},"2":{"name":"(anonymous_3)","decl":{"start":{"line":14,"column":22},"end":{"line":14,"column":28}},"loc":{"start":{"line":14,"column":28},"end":{"line":16,"column":null}}}},"branchMap":{"0":{"loc":{"start":{"line":36,"column":7},"end":{"line":36,"column":null}},"type":"binary-expr","locations":[{"start":{"line":36,"column":7},"end":{"line":36,"column":19}},{"start":{"line":36,"column":19},"end":{"line":36,"column":null}}]}},"s":{"0":1,"1":1,"2":1,"3":1,"4":1,"5":1,"6":1,"7":1,"8":1,"9":1,"10":0,"11":1},"f":{"0":1,"1":1,"2":0},"b":{"0":[1,0]}}
,"E:\\0Development\\_Work\\masaje_las_manos\\src\\components\\LangButtons\\index.tsx": {"path":"E:\\0Development\\_Work\\masaje_las_manos\\src\\components\\LangButtons\\index.tsx","statementMap":{"0":{"start":{"line":23,"column":0},"end":{"line":23,"column":15}},"1":{"start":{"line":1,"column":28},"end":{"line":1,"column":null}},"2":{"start":{"line":2,"column":17},"end":{"line":2,"column":null}},"3":{"start":{"line":3,"column":26},"end":{"line":3,"column":null}},"4":{"start":{"line":5,"column":20},"end":{"line":21,"column":null}},"5":{"start":{"line":6,"column":21},"end":{"line":6,"column":null}},"6":{"start":{"line":7,"column":33},"end":{"line":7,"column":null}},"7":{"start":{"line":13,"column":10},"end":{"line":14,"column":29}},"8":{"start":{"line":23,"column":15},"end":{"line":23,"column":null}}},"fnMap":{"0":{"name":"(anonymous_0)","decl":{"start":{"line":23,"column":0},"end":{"line":23,"column":15}},"loc":{"start":{"line":23,"column":0},"end":{"line":23,"column":15}}},"1":{"name":"(anonymous_2)","decl":{"start":{"line":5,"column":20},"end":{"line":5,"column":26}},"loc":{"start":{"line":5,"column":26},"end":{"line":21,"column":null}}},"2":{"name":"(anonymous_3)","decl":{"start":{"line":12,"column":8},"end":{"line":12,"column":9}},"loc":{"start":{"line":13,"column":10},"end":{"line":14,"column":29}}}},"branchMap":{"0":{"loc":{"start":{"line":13,"column":10},"end":{"line":14,"column":29}},"type":"binary-expr","locations":[{"start":{"line":13,"column":10},"end":{"line":13,"column":null}},{"start":{"line":14,"column":12},"end":{"line":14,"column":29}}]}},"s":{"0":2,"1":2,"2":2,"3":2,"4":2,"5":2,"6":2,"7":6,"8":2},"f":{"0":2,"1":2,"2":6},"b":{"0":[6,4]}}
,"E:\\0Development\\_Work\\masaje_las_manos\\src\\hooks\\useTranslations.ts": {"path":"E:\\0Development\\_Work\\masaje_las_manos\\src\\hooks\\useTranslations.ts","statementMap":{"0":{"start":{"line":11,"column":0},"end":{"line":11,"column":15}},"1":{"start":{"line":1,"column":26},"end":{"line":1,"column":null}},"2":{"start":{"line":2,"column":43},"end":{"line":2,"column":null}},"3":{"start":{"line":4,"column":24},"end":{"line":9,"column":null}},"4":{"start":{"line":5,"column":30},"end":{"line":5,"column":null}},"5":{"start":{"line":6,"column":23},"end":{"line":6,"column":41}},"6":{"start":{"line":8,"column":2},"end":{"line":8,"column":null}},"7":{"start":{"line":11,"column":15},"end":{"line":11,"column":null}}},"fnMap":{"0":{"name":"(anonymous_0)","decl":{"start":{"line":11,"column":0},"end":{"line":11,"column":15}},"loc":{"start":{"line":11,"column":0},"end":{"line":11,"column":15}}},"1":{"name":"(anonymous_2)","decl":{"start":{"line":4,"column":24},"end":{"line":4,"column":30}},"loc":{"start":{"line":4,"column":30},"end":{"line":9,"column":null}}}},"branchMap":{},"s":{"0":5,"1":3,"2":3,"3":3,"4":5,"5":5,"6":5,"7":3},"f":{"0":5,"1":5},"b":{}}
,"E:\\0Development\\_Work\\masaje_las_manos\\src\\locales\\resources.ts": {"path":"E:\\0Development\\_Work\\masaje_las_manos\\src\\locales\\resources.ts","statementMap":{"0":{"start":{"line":17,"column":0},"end":{"line":17,"column":15}},"1":{"start":{"line":1,"column":15},"end":{"line":1,"column":null}},"2":{"start":{"line":2,"column":15},"end":{"line":2,"column":null}},"3":{"start":{"line":3,"column":15},"end":{"line":3,"column":null}},"4":{"start":{"line":11,"column":29},"end":{"line":15,"column":null}},"5":{"start":{"line":17,"column":15},"end":{"line":17,"column":null}}},"fnMap":{"0":{"name":"(anonymous_0)","decl":{"start":{"line":17,"column":0},"end":{"line":17,"column":15}},"loc":{"start":{"line":17,"column":0},"end":{"line":17,"column":15}}}},"branchMap":{},"s":{"0":5,"1":3,"2":3,"3":3,"4":3,"5":3},"f":{"0":5},"b":{}}
,"E:\\0Development\\_Work\\masaje_las_manos\\src\\pages\\index.tsx": {"path":"E:\\0Development\\_Work\\masaje_las_manos\\src\\pages\\index.tsx","statementMap":{"0":{"start":{"line":25,"column":0},"end":{"line":25,"column":15}},"1":{"start":{"line":2,"column":7},"end":{"line":2,"column":null}},"2":{"start":{"line":4,"column":17},"end":{"line":4,"column":null}},"3":{"start":{"line":5,"column":28},"end":{"line":5,"column":null}},"4":{"start":{"line":6,"column":19},"end":{"line":6,"column":null}},"5":{"start":{"line":8,"column":23},"end":{"line":23,"column":null}},"6":{"start":{"line":9,"column":27},"end":{"line":9,"column":null}},"7":{"start":{"line":25,"column":15},"end":{"line":25,"column":null}}},"fnMap":{"0":{"name":"(anonymous_0)","decl":{"start":{"line":25,"column":0},"end":{"line":25,"column":15}},"loc":{"start":{"line":25,"column":0},"end":{"line":25,"column":15}}},"1":{"name":"(anonymous_2)","decl":{"start":{"line":8,"column":23},"end":{"line":8,"column":29}},"loc":{"start":{"line":8,"column":29},"end":{"line":23,"column":null}}}},"branchMap":{},"s":{"0":1,"1":1,"2":1,"3":1,"4":1,"5":1,"6":1,"7":1},"f":{"0":1,"1":1},"b":{}}
}
