{"E:\\0Development\\_Work\\masaje_las_manos\\src\\components\\Header\\index.tsx": {"path":"E:\\0Development\\_Work\\masaje_las_manos\\src\\components\\Header\\index.tsx","statementMap":{"0":{"start":{"line":20,"column":0},"end":{"line":20,"column":15}},"1":{"start":{"line":2,"column":28},"end":{"line":2,"column":null}},"2":{"start":{"line":3,"column":24},"end":{"line":3,"column":null}},"3":{"start":{"line":5,"column":19},"end":{"line":18,"column":null}},"4":{"start":{"line":6,"column":27},"end":{"line":6,"column":null}},"5":{"start":{"line":20,"column":15},"end":{"line":20,"column":null}}},"fnMap":{"0":{"name":"(anonymous_0)","decl":{"start":{"line":20,"column":0},"end":{"line":20,"column":15}},"loc":{"start":{"line":20,"column":0},"end":{"line":20,"column":15}}},"1":{"name":"(anonymous_2)","decl":{"start":{"line":5,"column":19},"end":{"line":5,"column":25}},"loc":{"start":{"line":5,"column":25},"end":{"line":18,"column":null}}}},"branchMap":{},"s":{"0":1,"1":1,"2":1,"3":1,"4":1,"5":1},"f":{"0":1,"1":1},"b":{}}
,"E:\\0Development\\_Work\\masaje_las_manos\\src\\components\\LangButtons\\index.tsx": {"path":"E:\\0Development\\_Work\\masaje_las_manos\\src\\components\\LangButtons\\index.tsx","statementMap":{"0":{"start":{"line":23,"column":0},"end":{"line":23,"column":15}},"1":{"start":{"line":1,"column":28},"end":{"line":1,"column":null}},"2":{"start":{"line":2,"column":17},"end":{"line":2,"column":null}},"3":{"start":{"line":3,"column":26},"end":{"line":3,"column":null}},"4":{"start":{"line":5,"column":20},"end":{"line":21,"column":null}},"5":{"start":{"line":6,"column":21},"end":{"line":6,"column":null}},"6":{"start":{"line":7,"column":33},"end":{"line":7,"column":null}},"7":{"start":{"line":13,"column":10},"end":{"line":14,"column":29}},"8":{"start":{"line":23,"column":15},"end":{"line":23,"column":null}}},"fnMap":{"0":{"name":"(anonymous_0)","decl":{"start":{"line":23,"column":0},"end":{"line":23,"column":15}},"loc":{"start":{"line":23,"column":0},"end":{"line":23,"column":15}}},"1":{"name":"(anonymous_2)","decl":{"start":{"line":5,"column":20},"end":{"line":5,"column":26}},"loc":{"start":{"line":5,"column":26},"end":{"line":21,"column":null}}},"2":{"name":"(anonymous_3)","decl":{"start":{"line":12,"column":8},"end":{"line":12,"column":9}},"loc":{"start":{"line":13,"column":10},"end":{"line":14,"column":29}}}},"branchMap":{"0":{"loc":{"start":{"line":13,"column":10},"end":{"line":14,"column":29}},"type":"binary-expr","locations":[{"start":{"line":13,"column":10},"end":{"line":13,"column":null}},{"start":{"line":14,"column":12},"end":{"line":14,"column":29}}]}},"s":{"0":3,"1":2,"2":2,"3":2,"4":2,"5":3,"6":3,"7":7,"8":2},"f":{"0":3,"1":3,"2":7},"b":{"0":[7,4]}}
,"E:\\0Development\\_Work\\masaje_las_manos\\src\\hooks\\useTranslations.ts": {"path":"E:\\0Development\\_Work\\masaje_las_manos\\src\\hooks\\useTranslations.ts","statementMap":{"0":{"start":{"line":11,"column":0},"end":{"line":11,"column":15}},"1":{"start":{"line":1,"column":26},"end":{"line":1,"column":null}},"2":{"start":{"line":2,"column":43},"end":{"line":2,"column":null}},"3":{"start":{"line":4,"column":24},"end":{"line":9,"column":null}},"4":{"start":{"line":5,"column":30},"end":{"line":5,"column":null}},"5":{"start":{"line":6,"column":23},"end":{"line":6,"column":41}},"6":{"start":{"line":8,"column":2},"end":{"line":8,"column":null}},"7":{"start":{"line":11,"column":15},"end":{"line":11,"column":null}}},"fnMap":{"0":{"name":"(anonymous_0)","decl":{"start":{"line":11,"column":0},"end":{"line":11,"column":15}},"loc":{"start":{"line":11,"column":0},"end":{"line":11,"column":15}}},"1":{"name":"(anonymous_2)","decl":{"start":{"line":4,"column":24},"end":{"line":4,"column":30}},"loc":{"start":{"line":4,"column":30},"end":{"line":9,"column":null}}}},"branchMap":{},"s":{"0":6,"1":3,"2":3,"3":3,"4":6,"5":6,"6":6,"7":3},"f":{"0":6,"1":6},"b":{}}
,"E:\\0Development\\_Work\\masaje_las_manos\\src\\locales\\resources.ts": {"path":"E:\\0Development\\_Work\\masaje_las_manos\\src\\locales\\resources.ts","statementMap":{"0":{"start":{"line":17,"column":0},"end":{"line":17,"column":15}},"1":{"start":{"line":1,"column":15},"end":{"line":1,"column":null}},"2":{"start":{"line":2,"column":15},"end":{"line":2,"column":null}},"3":{"start":{"line":3,"column":15},"end":{"line":3,"column":null}},"4":{"start":{"line":11,"column":29},"end":{"line":15,"column":null}},"5":{"start":{"line":17,"column":15},"end":{"line":17,"column":null}}},"fnMap":{"0":{"name":"(anonymous_0)","decl":{"start":{"line":17,"column":0},"end":{"line":17,"column":15}},"loc":{"start":{"line":17,"column":0},"end":{"line":17,"column":15}}}},"branchMap":{},"s":{"0":6,"1":3,"2":3,"3":3,"4":3,"5":3},"f":{"0":6},"b":{}}
,"E:\\0Development\\_Work\\masaje_las_manos\\src\\pages\\index.tsx": {"path":"E:\\0Development\\_Work\\masaje_las_manos\\src\\pages\\index.tsx","statementMap":{"0":{"start":{"line":24,"column":0},"end":{"line":24,"column":15}},"1":{"start":{"line":3,"column":17},"end":{"line":3,"column":null}},"2":{"start":{"line":4,"column":28},"end":{"line":4,"column":null}},"3":{"start":{"line":5,"column":19},"end":{"line":5,"column":null}},"4":{"start":{"line":7,"column":23},"end":{"line":22,"column":null}},"5":{"start":{"line":8,"column":27},"end":{"line":8,"column":null}},"6":{"start":{"line":24,"column":15},"end":{"line":24,"column":null}}},"fnMap":{"0":{"name":"(anonymous_0)","decl":{"start":{"line":24,"column":0},"end":{"line":24,"column":15}},"loc":{"start":{"line":24,"column":0},"end":{"line":24,"column":15}}},"1":{"name":"(anonymous_2)","decl":{"start":{"line":7,"column":23},"end":{"line":7,"column":29}},"loc":{"start":{"line":7,"column":29},"end":{"line":22,"column":null}}}},"branchMap":{},"s":{"0":1,"1":1,"2":1,"3":1,"4":1,"5":1,"6":1},"f":{"0":1,"1":1},"b":{}}
}
