TN:
SF:src\components\Header\headStyle.ts
FN:10,(anonymous_1)
FN:10,(anonymous_2)
FN:10,(anonymous_3)
FN:10,(anonymous_4)
FN:10,(anonymous_5)
FN:10,(anonymous_6)
FNF:6
FNH:6
FNDA:1,(anonymous_1)
FNDA:1,(anonymous_2)
FNDA:1,(anonymous_3)
FNDA:1,(anonymous_4)
FNDA:4,(anonymous_5)
FNDA:1,(anonymous_6)
DA:1,1
DA:10,4
LF:2
LH:2
BRF:0
BRH:0
end_of_record
TN:
SF:src\components\Header\index.tsx
FN:41,(anonymous_0)
FN:9,(anonymous_2)
FN:14,(anonymous_3)
FNF:3
FNH:2
FNDA:1,(anonymous_0)
FNDA:1,(anonymous_2)
FNDA:0,(anonymous_3)
DA:1,1
DA:2,1
DA:3,1
DA:4,1
DA:7,1
DA:9,1
DA:10,1
DA:12,1
DA:14,1
DA:15,0
DA:41,1
LF:11
LH:10
BRDA:36,0,0,1
BRDA:36,0,1,0
BRF:2
BRH:1
end_of_record
TN:
SF:src\components\LangButtons\index.tsx
FN:23,(anonymous_0)
FN:5,(anonymous_2)
FN:12,(anonymous_3)
FNF:3
FNH:3
FNDA:2,(anonymous_0)
FNDA:2,(anonymous_2)
FNDA:6,(anonymous_3)
DA:1,2
DA:2,2
DA:3,2
DA:5,2
DA:6,2
DA:7,2
DA:13,6
DA:23,2
LF:8
LH:8
BRDA:13,0,0,6
BRDA:13,0,1,4
BRF:2
BRH:2
end_of_record
TN:
SF:src\hooks\useTranslations.ts
FN:11,(anonymous_0)
FN:4,(anonymous_2)
FNF:2
FNH:2
FNDA:5,(anonymous_0)
FNDA:5,(anonymous_2)
DA:1,3
DA:2,3
DA:4,3
DA:5,5
DA:6,5
DA:8,5
DA:11,5
LF:7
LH:7
BRF:0
BRH:0
end_of_record
TN:
SF:src\locales\resources.ts
FN:17,(anonymous_0)
FNF:1
FNH:1
FNDA:5,(anonymous_0)
DA:1,3
DA:2,3
DA:3,3
DA:11,3
DA:17,5
LF:5
LH:5
BRF:0
BRH:0
end_of_record
TN:
SF:src\pages\index.tsx
FN:25,(anonymous_0)
FN:8,(anonymous_2)
FNF:2
FNH:2
FNDA:1,(anonymous_0)
FNDA:1,(anonymous_2)
DA:2,1
DA:4,1
DA:5,1
DA:6,1
DA:8,1
DA:9,1
DA:25,1
LF:7
LH:7
BRF:0
BRH:0
end_of_record
