TN:
SF:src\components\Header\index.tsx
FN:20,(anonymous_0)
FN:5,(anonymous_2)
FNF:2
FNH:2
FNDA:1,(anonymous_0)
FNDA:1,(anonymous_2)
DA:2,1
DA:3,1
DA:5,1
DA:6,1
DA:20,1
LF:5
LH:5
BRF:0
BRH:0
end_of_record
TN:
SF:src\components\LangButtons\index.tsx
FN:23,(anonymous_0)
FN:5,(anonymous_2)
FN:12,(anonymous_3)
FNF:3
FNH:3
FNDA:3,(anonymous_0)
FNDA:3,(anonymous_2)
FNDA:7,(anonymous_3)
DA:1,2
DA:2,2
DA:3,2
DA:5,2
DA:6,3
DA:7,3
DA:13,7
DA:23,3
LF:8
LH:8
BRDA:13,0,0,7
BRDA:13,0,1,4
BRF:2
BRH:2
end_of_record
TN:
SF:src\hooks\useTranslations.ts
FN:11,(anonymous_0)
FN:4,(anonymous_2)
FNF:2
FNH:2
FNDA:6,(anonymous_0)
FNDA:6,(anonymous_2)
DA:1,3
DA:2,3
DA:4,3
DA:5,6
DA:6,6
DA:8,6
DA:11,6
LF:7
LH:7
BRF:0
BRH:0
end_of_record
TN:
SF:src\locales\resources.ts
FN:17,(anonymous_0)
FNF:1
FNH:1
FNDA:6,(anonymous_0)
DA:1,3
DA:2,3
DA:3,3
DA:11,3
DA:17,6
LF:5
LH:5
BRF:0
BRH:0
end_of_record
TN:
SF:src\pages\index.tsx
FN:24,(anonymous_0)
FN:7,(anonymous_2)
FNF:2
FNH:2
FNDA:1,(anonymous_0)
FNDA:1,(anonymous_2)
DA:3,1
DA:4,1
DA:5,1
DA:7,1
DA:8,1
DA:24,1
LF:6
LH:6
BRF:0
BRH:0
end_of_record
